<?xml version="1.0" encoding="UTF-8"?>
<coverage generated="1729635925817" clover="3.2.0">
  <project timestamp="1729635925817" name="All files">
    <metrics statements="12" coveredstatements="6" conditionals="10" coveredconditionals="2" methods="3" coveredmethods="1" elements="25" coveredelements="9" complexity="0" loc="12" ncloc="12" packages="1" files="1" classes="1"/>
    <file name="capitalize.js" path="/home/clubuntu/TheOdinProject/Testing_Jest/js/capitalize.js">
      <metrics statements="12" coveredstatements="6" conditionals="10" coveredconditionals="2" methods="3" coveredmethods="1"/>
      <line num="2" count="3" type="cond" truecount="2" falsecount="0"/>
      <line num="3" count="2" type="stmt"/>
      <line num="6" count="1" type="stmt"/>
      <line num="7" count="1" type="stmt"/>
      <line num="8" count="1" type="stmt"/>
      <line num="15" count="0" type="cond" truecount="0" falsecount="4"/>
      <line num="16" count="0" type="stmt"/>
      <line num="18" count="0" type="stmt"/>
      <line num="23" count="0" type="cond" truecount="0" falsecount="4"/>
      <line num="24" count="0" type="stmt"/>
      <line num="26" count="0" type="stmt"/>
      <line num="29" count="1" type="stmt"/>
    </file>
  </project>
</coverage>
