{"/home/clubuntu/TheOdinProject/Testing_Jest/js/reverseString.js": {"path":"/home/clubuntu/TheOdinProject/Testing_Jest/js/reverseString.js","statementMap":{"0":{"start":{"line":4,"column":4},"end":{"line":10,"column":5}},"1":{"start":{"line":5,"column":8},"end":{"line":5,"column":19}},"2":{"start":{"line":8,"column":8},"end":{"line":8,"column":53}},"3":{"start":{"line":13,"column":0},"end":{"line":13,"column":30}}},"fnMap":{"0":{"name":"reverseString","decl":{"start":{"line":3,"column":9},"end":{"line":3,"column":22}},"loc":{"start":{"line":3,"column":30},"end":{"line":11,"column":1}},"line":3}},"branchMap":{"0":{"loc":{"start":{"line":4,"column":4},"end":{"line":10,"column":5}},"type":"if","locations":[{"start":{"line":4,"column":4},"end":{"line":10,"column":5}},{"start":{"line":7,"column":8},"end":{"line":10,"column":5}}],"line":4}},"s":{"0":4,"1":2,"2":2,"3":1},"f":{"0":4},"b":{"0":[2,2]},"_coverageSchema":"1a1c01bbd47fc00a2c39e90264f33305004495a9","hash":"672dd050bf017999ebb447b61ebd1c7b8c00dee6"}
}
