{"/home/clubuntu/TheOdinProject/Testing_Jest/js/capitalize.js": {"path":"/home/clubuntu/TheOdinProject/Testing_Jest/js/capitalize.js","statementMap":{"0":{"start":{"line":2,"column":4},"end":{"line":9,"column":5}},"1":{"start":{"line":3,"column":8},"end":{"line":3,"column":19}},"2":{"start":{"line":6,"column":14},"end":{"line":6,"column":49}},"3":{"start":{"line":7,"column":19},"end":{"line":7,"column":34}},"4":{"start":{"line":8,"column":8},"end":{"line":8,"column":26}},"5":{"start":{"line":15,"column":4},"end":{"line":17,"column":5}},"6":{"start":{"line":16,"column":6},"end":{"line":16,"column":18}},"7":{"start":{"line":18,"column":4},"end":{"line":18,"column":17}},"8":{"start":{"line":23,"column":4},"end":{"line":25,"column":5}},"9":{"start":{"line":24,"column":8},"end":{"line":24,"column":20}},"10":{"start":{"line":26,"column":4},"end":{"line":26,"column":17}},"11":{"start":{"line":29,"column":0},"end":{"line":29,"column":27}}},"fnMap":{"0":{"name":"capitalize","decl":{"start":{"line":1,"column":9},"end":{"line":1,"column":19}},"loc":{"start":{"line":1,"column":27},"end":{"line":10,"column":1}},"line":1},"1":{"name":"isUpperCase","decl":{"start":{"line":14,"column":9},"end":{"line":14,"column":20}},"loc":{"start":{"line":14,"column":26},"end":{"line":19,"column":3}},"line":14},"2":{"name":"isLowerCase","decl":{"start":{"line":22,"column":9},"end":{"line":22,"column":20}},"loc":{"start":{"line":22,"column":26},"end":{"line":27,"column":1}},"line":22}},"branchMap":{"0":{"loc":{"start":{"line":2,"column":4},"end":{"line":9,"column":5}},"type":"if","locations":[{"start":{"line":2,"column":4},"end":{"line":9,"column":5}},{"start":{"line":5,"column":8},"end":{"line":9,"column":5}}],"line":2},"1":{"loc":{"start":{"line":15,"column":4},"end":{"line":17,"column":5}},"type":"if","locations":[{"start":{"line":15,"column":4},"end":{"line":17,"column":5}},{"start":{},"end":{}}],"line":15},"2":{"loc":{"start":{"line":15,"column":8},"end":{"line":15,"column":64}},"type":"binary-expr","locations":[{"start":{"line":15,"column":8},"end":{"line":15,"column":34}},{"start":{"line":15,"column":38},"end":{"line":15,"column":64}}],"line":15},"3":{"loc":{"start":{"line":23,"column":4},"end":{"line":25,"column":5}},"type":"if","locations":[{"start":{"line":23,"column":4},"end":{"line":25,"column":5}},{"start":{},"end":{}}],"line":23},"4":{"loc":{"start":{"line":23,"column":8},"end":{"line":23,"column":64}},"type":"binary-expr","locations":[{"start":{"line":23,"column":8},"end":{"line":23,"column":34}},{"start":{"line":23,"column":38},"end":{"line":23,"column":64}}],"line":23}},"s":{"0":3,"1":2,"2":1,"3":1,"4":1,"5":0,"6":0,"7":0,"8":0,"9":0,"10":0,"11":1},"f":{"0":3,"1":0,"2":0},"b":{"0":[2,1],"1":[0,0],"2":[0,0],"3":[0,0],"4":[0,0]},"_coverageSchema":"1a1c01bbd47fc00a2c39e90264f33305004495a9","hash":"2694ec2d3797e3e3ff87a06018885a3a52379d1a"}
}
